app/build/intermediates/manifest_merge_blame_file/debug/processDebugMainManifest/manifest-merger-blame-debug-report.txt
1<?xml version="1.0" encoding="utf-8"?>
2<manifest xmlns:android="http://schemas.android.com/apk/res/android"
3    package="com.julianb183.questterminal"
4    android:versionCode="1"
5    android:versionName="0.1.0" >
6
7    <uses-sdk
8        android:minSdkVersion="29"
9        android:targetSdkVersion="35" />
10
11    <application
11-->src/main/AndroidManifest.xml:2:5-9:19
12        android:allowBackup="false"
12-->src/main/AndroidManifest.xml:2:81-108
13        android:debuggable="true"
14        android:extractNativeLibs="false"
15        android:label="Quest Terminal"
15-->src/main/AndroidManifest.xml:2:50-80
16        android:supportsRtl="true"
16-->src/main/AndroidManifest.xml:2:109-135
17        android:theme="@style/AppTheme" >
17-->src/main/AndroidManifest.xml:2:18-49
18        <activity
18-->src/main/AndroidManifest.xml:3:9-8:20
19            android:name="com.julianb183.questterminal.MainActivity"
19-->src/main/AndroidManifest.xml:3:19-47
20            android:exported="true"
20-->src/main/AndroidManifest.xml:3:86-109
21            android:screenOrientation="landscape" >
21-->src/main/AndroidManifest.xml:3:48-85
22            <intent-filter>
22-->src/main/AndroidManifest.xml:4:13-7:29
23                <action android:name="android.intent.action.MAIN" />
23-->src/main/AndroidManifest.xml:5:17-69
23-->src/main/AndroidManifest.xml:5:25-66
24
25                <category android:name="android.intent.category.LAUNCHER" />
25-->src/main/AndroidManifest.xml:6:17-77
25-->src/main/AndroidManifest.xml:6:27-74
26            </intent-filter>
27        </activity>
28    </application>
29
30</manifest>